22:57:10.416 DEBUG AUTOMATION - 
=============================================
Request
=============================================
(GET) 	 http://127.0.0.1:3000/animales/5
	Accept: */*
	Content-Type: application/json


=============================================
Response
=============================================
Status Code: 200 	 Response Time: 528ms
Response Headers:
	content-type: application/json; charset=utf-8
	content-length: 195
	Date: Tue, 31 Mar 2026 01:57:09 GMT
	Connection: keep-alive
	Keep-Alive: timeout=72

Response Body:
{
    "id": 5,
    "nombre": "Fido",
    "tipo": "cautivo",
    "edad": 3,
    "peso": 42.3,
    "genero": "hermafrodita",
    "amo": {
        "nombre": "Dora",
        "apellido": "Armando",
        "correo": "Dora-armando@hotmail.com",
        "edad": 52,
        "pais": "Paraguay"
    }
}


